mode: set
github.com\sampalm\golangTraining\00_Hands-on-exercises\13_Level13\chatsess\bpassword.go:7.41,10.2 2 1
github.com\sampalm\golangTraining\00_Hands-on-exercises\13_Level13\chatsess\bpassword.go:12.45,13.65 1 1
github.com\sampalm\golangTraining\00_Hands-on-exercises\13_Level13\chatsess\bpassword.go:16.2,16.13 1 1
github.com\sampalm\golangTraining\00_Hands-on-exercises\13_Level13\chatsess\bpassword.go:13.65,15.3 1 1
github.com\sampalm\golangTraining\00_Hands-on-exercises\13_Level13\chatsess\password.go:12.35,16.2 3 1
github.com\sampalm\golangTraining\00_Hands-on-exercises\13_Level13\chatsess\password.go:18.39,22.2 3 1
github.com\sampalm\golangTraining\00_Hands-on-exercises\13_Level13\chatsess\password.go:24.45,27.2 2 1
